<?xml version="1.0" encoding="UTF-8"?>
<testng-results ignored="0" total="1" passed="1" failed="0" skipped="0">
  <reporter-output>
  </reporter-output>
  <suite started-at="2022-05-26T17:57:05 WAT" name="Suite" finished-at="2022-05-26T17:57:14 WAT" duration-ms="8851">
    <groups>
    </groups>
    <test started-at="2022-05-26T17:57:05 WAT" name="Test" finished-at="2022-05-26T17:57:14 WAT" duration-ms="8851">
      <class name="asessmentWeb.Checkout">
        <test-method is-config="true" signature="openBrowser()[pri:0, instance:asessmentWeb.Checkout@61386958]" started-at="2022-05-26T17:57:05 WAT" name="openBrowser" finished-at="2022-05-26T17:57:08 WAT" duration-ms="2971" status="PASS">
          <reporter-output>
          </reporter-output>
        </test-method> <!-- openBrowser -->
        <test-method signature="Signin()[pri:0, instance:asessmentWeb.Checkout@61386958]" started-at="2022-05-26T17:57:08 WAT" name="Signin" finished-at="2022-05-26T17:57:14 WAT" duration-ms="5798" status="PASS">
          <reporter-output>
          </reporter-output>
        </test-method> <!-- Signin -->
      </class> <!-- asessmentWeb.Checkout -->
    </test> <!-- Test -->
  </suite> <!-- Suite -->
</testng-results>
